<?xml version="1.0" encoding="UTF-8"?>
<!-- Generated by org.testng.reporters.JUnitReportReporter -->
<testsuite hostname="Gabriel-Desktop" failures="0" tests="5" name="FahrenheitToCelsiusPackage.FahrenheitToCelsiusTest" time="0.062" errors="0" timestamp="2021-11-09T14:55:35 BRT" skipped="0">
  <testcase classname="FahrenheitToCelsiusPackage.FahrenheitToCelsiusTest" name="convert_Fahrenheit_To_Celsius" time="0.002"/>
  <system-out/>
  <testcase classname="FahrenheitToCelsiusPackage.FahrenheitToCelsiusTest" name="convert_Fahrenheit_To_Celsius" time="0.056"/>
  <system-out/>
  <testcase classname="FahrenheitToCelsiusPackage.FahrenheitToCelsiusTest" name="convert_Fahrenheit_To_Celsius" time="0.002"/>
  <system-out/>
  <testcase classname="FahrenheitToCelsiusPackage.FahrenheitToCelsiusTest" name="convert_Fahrenheit_To_Celsius" time="0.001"/>
  <system-out/>
  <testcase classname="FahrenheitToCelsiusPackage.FahrenheitToCelsiusTest" name="convert_Fahrenheit_To_Celsius" time="0.001"/>
  <system-out/>
</testsuite> <!-- FahrenheitToCelsiusPackage.FahrenheitToCelsiusTest -->
